2020-01-10 20:25:21,647 [INFO] from play.api.http.EnabledFilters in play-dev-mode-akka.actor.default-dispatcher-7 - Enabled Filters (see <https://www.playframework.com/documentation/latest/Filters>):

    play.filters.csrf.CSRFFilter
    play.filters.headers.SecurityHeadersFilter
    play.filters.hosts.AllowedHostsFilter
    filters.ExampleFilter
    filters.ExampleFilter

2020-01-10 20:25:21,651 [INFO] from play.api.Play in play-dev-mode-akka.actor.default-dispatcher-7 - Application started (Dev) (no global state)
2020-01-10 20:30:40,320 [ERROR] from play.api.http.DefaultHttpErrorHandler in play-dev-mode-akka.actor.default-dispatcher-9 - 

! @7eed6cl23 - Internal server error, for (GET) [/] ->
 
play.sbt.PlayExceptions$CompilationException: Compilation error[object index is not a member of package views.html]
	at play.sbt.PlayExceptions$CompilationException$.apply(PlayExceptions.scala:34)
	at play.sbt.PlayExceptions$CompilationException$.apply(PlayExceptions.scala:34)
	at scala.Option.map(Option.scala:230)
	at play.sbt.run.PlayReload$.$anonfun$taskFailureHandler$1(PlayReload.scala:40)
	at scala.Option.map(Option.scala:230)
	at play.sbt.run.PlayReload$.taskFailureHandler(PlayReload.scala:35)
	at play.sbt.run.PlayReload$.compileFailure(PlayReload.scala:28)
	at play.sbt.run.PlayReload$.$anonfun$compile$3(PlayReload.scala:63)
	at scala.util.Either$LeftProjection.map(Either.scala:573)
	at play.sbt.run.PlayReload$.compile(PlayReload.scala:63)
	at play.sbt.run.PlayRun$.$anonfun$playRunTask$4(PlayRun.scala:78)
	at play.runsupport.Reloader.$anonfun$reload$1(Reloader.scala:496)
	at play.runsupport.Reloader$$anon$1.run(Reloader.scala:57)
	at java.base/java.security.AccessController.doPrivileged(Native Method)
	at play.runsupport.Reloader$.play$runsupport$Reloader$$withReloaderContextClassLoader(Reloader.scala:63)
	at play.runsupport.Reloader.reload(Reloader.scala:496)
	at play.core.server.DevServerStart$$anon$1.get(DevServerStart.scala:140)
	at play.core.server.AkkaHttpServer.handleRequest(AkkaHttpServer.scala:296)
	at play.core.server.AkkaHttpServer.$anonfun$createServerBinding$1(AkkaHttpServer.scala:186)
	at akka.stream.impl.fusing.MapAsync$$anon$30.onPush(Ops.scala:1261)
	at akka.stream.impl.fusing.GraphInterpreter.processPush(GraphInterpreter.scala:541)
	at akka.stream.impl.fusing.GraphInterpreter.execute(GraphInterpreter.scala:423)
	at akka.stream.impl.fusing.GraphInterpreterShell.runBatch(ActorGraphInterpreter.scala:624)
	at akka.stream.impl.fusing.GraphInterpreterShell$AsyncInput.execute(ActorGraphInterpreter.scala:501)
	at akka.stream.impl.fusing.GraphInterpreterShell.processEvent(ActorGraphInterpreter.scala:599)
	at akka.stream.impl.fusing.ActorGraphInterpreter.akka$stream$impl$fusing$ActorGraphInterpreter$$processEvent(ActorGraphInterpreter.scala:768)
	at akka.stream.impl.fusing.ActorGraphInterpreter$$anonfun$receive$1.applyOrElse(ActorGraphInterpreter.scala:783)
	at akka.actor.Actor.aroundReceive(Actor.scala:533)
	at akka.actor.Actor.aroundReceive$(Actor.scala:531)
	at akka.stream.impl.fusing.ActorGraphInterpreter.aroundReceive(ActorGraphInterpreter.scala:690)
	at akka.actor.ActorCell.receiveMessage(ActorCell.scala:573)
	at akka.actor.ActorCell.invoke(ActorCell.scala:543)
	at akka.dispatch.Mailbox.processMailbox(Mailbox.scala:269)
	at akka.dispatch.Mailbox.run(Mailbox.scala:230)
	at akka.dispatch.Mailbox.exec(Mailbox.scala:242)
	at java.base/java.util.concurrent.ForkJoinTask.doExec(ForkJoinTask.java:290)
	at java.base/java.util.concurrent.ForkJoinPool$WorkQueue.topLevelExec(ForkJoinPool.java:1020)
	at java.base/java.util.concurrent.ForkJoinPool.scan(ForkJoinPool.java:1656)
	at java.base/java.util.concurrent.ForkJoinPool.runWorker(ForkJoinPool.java:1594)
	at java.base/java.util.concurrent.ForkJoinWorkerThread.run(ForkJoinWorkerThread.java:177)
2020-01-10 20:31:23,173 [ERROR] from play.api.http.DefaultHttpErrorHandler in play-dev-mode-akka.actor.default-dispatcher-9 - 

! @7eed6f6e9 - Internal server error, for (GET) [/] ->
 
play.sbt.PlayExceptions$CompilationException: Compilation error[type CountController is not a member of package controllers]
	at play.sbt.PlayExceptions$CompilationException$.apply(PlayExceptions.scala:34)
	at play.sbt.PlayExceptions$CompilationException$.apply(PlayExceptions.scala:34)
	at scala.Option.map(Option.scala:230)
	at play.sbt.run.PlayReload$.$anonfun$taskFailureHandler$1(PlayReload.scala:40)
	at scala.Option.map(Option.scala:230)
	at play.sbt.run.PlayReload$.taskFailureHandler(PlayReload.scala:35)
	at play.sbt.run.PlayReload$.compileFailure(PlayReload.scala:28)
	at play.sbt.run.PlayReload$.$anonfun$compile$3(PlayReload.scala:63)
	at scala.util.Either$LeftProjection.map(Either.scala:573)
	at play.sbt.run.PlayReload$.compile(PlayReload.scala:63)
	at play.sbt.run.PlayRun$.$anonfun$playRunTask$4(PlayRun.scala:78)
	at play.runsupport.Reloader.$anonfun$reload$1(Reloader.scala:496)
	at play.runsupport.Reloader$$anon$1.run(Reloader.scala:57)
	at java.base/java.security.AccessController.doPrivileged(Native Method)
	at play.runsupport.Reloader$.play$runsupport$Reloader$$withReloaderContextClassLoader(Reloader.scala:63)
	at play.runsupport.Reloader.reload(Reloader.scala:496)
	at play.core.server.DevServerStart$$anon$1.get(DevServerStart.scala:140)
	at play.core.server.AkkaHttpServer.handleRequest(AkkaHttpServer.scala:296)
	at play.core.server.AkkaHttpServer.$anonfun$createServerBinding$1(AkkaHttpServer.scala:186)
	at akka.stream.impl.fusing.MapAsync$$anon$30.onPush(Ops.scala:1261)
	at akka.stream.impl.fusing.GraphInterpreter.processPush(GraphInterpreter.scala:541)
	at akka.stream.impl.fusing.GraphInterpreter.execute(GraphInterpreter.scala:423)
	at akka.stream.impl.fusing.GraphInterpreterShell.runBatch(ActorGraphInterpreter.scala:624)
	at akka.stream.impl.fusing.GraphInterpreterShell$AsyncInput.execute(ActorGraphInterpreter.scala:501)
	at akka.stream.impl.fusing.GraphInterpreterShell.processEvent(ActorGraphInterpreter.scala:599)
	at akka.stream.impl.fusing.ActorGraphInterpreter.akka$stream$impl$fusing$ActorGraphInterpreter$$processEvent(ActorGraphInterpreter.scala:768)
	at akka.stream.impl.fusing.ActorGraphInterpreter$$anonfun$receive$1.applyOrElse(ActorGraphInterpreter.scala:783)
	at akka.actor.Actor.aroundReceive(Actor.scala:533)
	at akka.actor.Actor.aroundReceive$(Actor.scala:531)
	at akka.stream.impl.fusing.ActorGraphInterpreter.aroundReceive(ActorGraphInterpreter.scala:690)
	at akka.actor.ActorCell.receiveMessage(ActorCell.scala:573)
	at akka.actor.ActorCell.invoke(ActorCell.scala:543)
	at akka.dispatch.Mailbox.processMailbox(Mailbox.scala:269)
	at akka.dispatch.Mailbox.run(Mailbox.scala:230)
	at akka.dispatch.Mailbox.exec(Mailbox.scala:242)
	at java.base/java.util.concurrent.ForkJoinTask.doExec(ForkJoinTask.java:290)
	at java.base/java.util.concurrent.ForkJoinPool$WorkQueue.topLevelExec(ForkJoinPool.java:1020)
	at java.base/java.util.concurrent.ForkJoinPool.scan(ForkJoinPool.java:1656)
	at java.base/java.util.concurrent.ForkJoinPool.runWorker(ForkJoinPool.java:1594)
	at java.base/java.util.concurrent.ForkJoinWorkerThread.run(ForkJoinWorkerThread.java:177)
2020-01-10 20:31:49,269 [INFO] from play.api.http.EnabledFilters in play-dev-mode-akka.actor.default-dispatcher-14 - Enabled Filters (see <https://www.playframework.com/documentation/latest/Filters>):

    play.filters.csrf.CSRFFilter
    play.filters.headers.SecurityHeadersFilter
    play.filters.hosts.AllowedHostsFilter
    filters.ExampleFilter
    filters.ExampleFilter

2020-01-10 20:31:49,271 [INFO] from play.api.Play in play-dev-mode-akka.actor.default-dispatcher-14 - Application started (Dev) (no global state)
2020-01-10 20:32:30,162 [INFO] from play.api.http.EnabledFilters in play-dev-mode-akka.actor.default-dispatcher-50 - Enabled Filters (see <https://www.playframework.com/documentation/latest/Filters>):

    play.filters.csrf.CSRFFilter
    play.filters.headers.SecurityHeadersFilter
    play.filters.hosts.AllowedHostsFilter
    filters.ExampleFilter
    filters.ExampleFilter

2020-01-10 20:32:30,164 [INFO] from play.api.Play in play-dev-mode-akka.actor.default-dispatcher-50 - Application started (Dev) (no global state)
2020-01-10 20:34:07,962 [INFO] from play.api.http.EnabledFilters in play-dev-mode-akka.actor.default-dispatcher-11 - Enabled Filters (see <https://www.playframework.com/documentation/latest/Filters>):

    play.filters.csrf.CSRFFilter
    play.filters.headers.SecurityHeadersFilter
    play.filters.hosts.AllowedHostsFilter
    filters.ExampleFilter
    filters.ExampleFilter

2020-01-10 20:34:07,964 [INFO] from play.api.Play in play-dev-mode-akka.actor.default-dispatcher-11 - Application started (Dev) (no global state)
2020-01-10 20:34:10,354 [WARN] from play.filters.CSRF in application-akka.actor.default-dispatcher-5 - [CSRF] Check failed because request without content type for /game
2020-01-10 21:09:17,740 [ERROR] from play.api.http.DefaultHttpErrorHandler in play-dev-mode-akka.actor.default-dispatcher-70 - 

! @7eedbeh75 - Internal server error, for (GET) [/] ->
 
play.api.UnexpectedException: Unexpected exception[CreationException: Unable to create injector, see the following errors:

1) No implementation for controllers.MyExecutionContext was bound.
  while locating controllers.MyExecutionContext
    for the 1st parameter of controllers.MainController.<init>(MainController.scala:20)
  while locating controllers.MainController
    for the 2nd parameter of router.Routes.<init>(Routes.scala:29)
  at play.api.inject.RoutesProvider$.bindingsFromConfiguration(BuiltinModule.scala:137):
Binding(class router.Routes to self) (via modules: com.google.inject.util.Modules$OverrideModule -> play.api.inject.guice.GuiceableModuleConversions$$anon$4)

1 error]
	at play.core.server.DevServerStart$$anon$1.reload(DevServerStart.scala:210)
	at play.core.server.DevServerStart$$anon$1.get(DevServerStart.scala:141)
	at play.core.server.AkkaHttpServer.handleRequest(AkkaHttpServer.scala:296)
	at play.core.server.AkkaHttpServer.$anonfun$createServerBinding$1(AkkaHttpServer.scala:186)
	at akka.stream.impl.fusing.MapAsync$$anon$30.onPush(Ops.scala:1261)
	at akka.stream.impl.fusing.GraphInterpreter.processPush(GraphInterpreter.scala:541)
	at akka.stream.impl.fusing.GraphInterpreter.execute(GraphInterpreter.scala:423)
	at akka.stream.impl.fusing.GraphInterpreterShell.runBatch(ActorGraphInterpreter.scala:624)
	at akka.stream.impl.fusing.GraphInterpreterShell$AsyncInput.execute(ActorGraphInterpreter.scala:501)
	at akka.stream.impl.fusing.GraphInterpreterShell.processEvent(ActorGraphInterpreter.scala:599)
	at akka.stream.impl.fusing.ActorGraphInterpreter.akka$stream$impl$fusing$ActorGraphInterpreter$$processEvent(ActorGraphInterpreter.scala:768)
	at akka.stream.impl.fusing.ActorGraphInterpreter$$anonfun$receive$1.applyOrElse(ActorGraphInterpreter.scala:783)
	at akka.actor.Actor.aroundReceive(Actor.scala:533)
	at akka.actor.Actor.aroundReceive$(Actor.scala:531)
	at akka.stream.impl.fusing.ActorGraphInterpreter.aroundReceive(ActorGraphInterpreter.scala:690)
	at akka.actor.ActorCell.receiveMessage(ActorCell.scala:573)
	at akka.actor.ActorCell.invoke(ActorCell.scala:543)
	at akka.dispatch.Mailbox.processMailbox(Mailbox.scala:269)
	at akka.dispatch.Mailbox.run(Mailbox.scala:230)
	at akka.dispatch.Mailbox.exec(Mailbox.scala:242)
	at java.base/java.util.concurrent.ForkJoinTask.doExec(ForkJoinTask.java:290)
	at java.base/java.util.concurrent.ForkJoinPool$WorkQueue.topLevelExec(ForkJoinPool.java:1020)
	at java.base/java.util.concurrent.ForkJoinPool.scan(ForkJoinPool.java:1656)
	at java.base/java.util.concurrent.ForkJoinPool.runWorker(ForkJoinPool.java:1594)
	at java.base/java.util.concurrent.ForkJoinWorkerThread.run(ForkJoinWorkerThread.java:177)
Caused by: com.google.inject.CreationException: Unable to create injector, see the following errors:

1) No implementation for controllers.MyExecutionContext was bound.
  while locating controllers.MyExecutionContext
    for the 1st parameter of controllers.MainController.<init>(MainController.scala:20)
  while locating controllers.MainController
    for the 2nd parameter of router.Routes.<init>(Routes.scala:29)
  at play.api.inject.RoutesProvider$.bindingsFromConfiguration(BuiltinModule.scala:137):
Binding(class router.Routes to self) (via modules: com.google.inject.util.Modules$OverrideModule -> play.api.inject.guice.GuiceableModuleConversions$$anon$4)

1 error
	at com.google.inject.internal.Errors.throwCreationExceptionIfErrorsExist(Errors.java:543)
	at com.google.inject.internal.InternalInjectorCreator.initializeStatically(InternalInjectorCreator.java:159)
	at com.google.inject.internal.InternalInjectorCreator.build(InternalInjectorCreator.java:106)
	at com.google.inject.Guice.createInjector(Guice.java:87)
	at com.google.inject.Guice.createInjector(Guice.java:78)
	at play.api.inject.guice.GuiceBuilder.injector(GuiceInjectorBuilder.scala:200)
	at play.api.inject.guice.GuiceApplicationBuilder.build(GuiceApplicationBuilder.scala:155)
	at play.api.inject.guice.GuiceApplicationLoader.load(GuiceApplicationLoader.scala:21)
	at play.core.server.DevServerStart$$anon$1.$anonfun$reload$3(DevServerStart.scala:189)
	at play.utils.Threads$.withContextClassLoader(Threads.scala:21)
	at play.core.server.DevServerStart$$anon$1.reload(DevServerStart.scala:181)
	... 24 common frames omitted
2020-01-10 21:10:29,663 [INFO] from play.api.http.EnabledFilters in play-dev-mode-akka.actor.default-dispatcher-72 - Enabled Filters (see <https://www.playframework.com/documentation/latest/Filters>):

    play.filters.csrf.CSRFFilter
    play.filters.headers.SecurityHeadersFilter
    play.filters.hosts.AllowedHostsFilter
    filters.ExampleFilter
    filters.ExampleFilter

2020-01-10 21:10:29,664 [INFO] from play.api.Play in play-dev-mode-akka.actor.default-dispatcher-72 - Application started (Dev) (no global state)
2020-01-10 21:10:31,498 [WARN] from play.filters.CSRF in application-akka.actor.default-dispatcher-12 - [CSRF] Check failed because request without content type for /game
2020-01-11 11:03:12,035 [INFO] from play.core.server.AkkaHttpServer in play-dev-mode-shutdown-hook-1 - Stopping server...
2020-01-11 11:03:13,396 [INFO] from play.api.http.EnabledFilters in play-dev-mode-akka.actor.internal-dispatcher-81 - Enabled Filters (see <https://www.playframework.com/documentation/latest/Filters>):

    play.filters.csrf.CSRFFilter
    play.filters.headers.SecurityHeadersFilter
    play.filters.hosts.AllowedHostsFilter
    filters.ExampleFilter
    filters.ExampleFilter

2020-01-11 11:03:13,398 [INFO] from play.api.Play in play-dev-mode-akka.actor.internal-dispatcher-81 - Application started (Dev) (no global state)
